<?xml version="1.0" encoding="UTF-8"?>
<!-- Generated by org.testng.reporters.JUnitXMLReporter -->
<testsuite ignored="0" hostname="Jarvis-2.local" failures="0" tests="4" name="Default test" time="8.107" errors="0" timestamp="2025-07-11T00:31:06 IST">
  <testcase classname="api.testcases.UserTest" name="testCreateUser" time="2.172"/>
  <testcase classname="api.testcases.UserTest" name="testGetUser" time="1.534"/>
  <testcase classname="api.testcases.UserTest" name="testUpdateUser" time="3.026"/>
  <testcase classname="api.testcases.UserTest" name="testDeleteUser" time="1.259"/>
</testsuite> <!-- Default test -->
