<?xml version="1.0" encoding="UTF-8"?>
<testng-results ignored="0" total="4" passed="4" failed="0" skipped="0">
  <reporter-output>
  </reporter-output>
  <suite started-at="2025-07-11T00:30:58 IST" name="Default suite" finished-at="2025-07-11T00:31:06 IST" duration-ms="8107">
    <groups>
    </groups>
    <test started-at="2025-07-11T00:30:58 IST" name="Default test" finished-at="2025-07-11T00:31:06 IST" duration-ms="8107">
      <class name="api.testcases.UserTest">
        <test-method is-config="true" signature="generateTestData()[pri:0, instance:api.testcases.UserTest@7b9a4292]" started-at="2025-07-11T00:30:58 IST" name="generateTestData" finished-at="2025-07-11T00:30:58 IST" duration-ms="86" status="PASS">
          <reporter-output>
          </reporter-output>
        </test-method> <!-- generateTestData -->
        <test-method signature="testCreateUser()[pri:1, instance:api.testcases.UserTest@7b9a4292]" started-at="2025-07-11T00:30:58 IST" name="testCreateUser" finished-at="2025-07-11T00:31:00 IST" duration-ms="2172" status="PASS">
          <reporter-output>
          </reporter-output>
        </test-method> <!-- testCreateUser -->
        <test-method signature="testGetUser()[pri:2, instance:api.testcases.UserTest@7b9a4292]" started-at="2025-07-11T00:31:00 IST" name="testGetUser" finished-at="2025-07-11T00:31:02 IST" duration-ms="1534" status="PASS">
          <reporter-output>
          </reporter-output>
        </test-method> <!-- testGetUser -->
        <test-method signature="testUpdateUser()[pri:3, instance:api.testcases.UserTest@7b9a4292]" started-at="2025-07-11T00:31:02 IST" name="testUpdateUser" finished-at="2025-07-11T00:31:05 IST" duration-ms="3026" status="PASS">
          <reporter-output>
          </reporter-output>
        </test-method> <!-- testUpdateUser -->
        <test-method signature="testDeleteUser()[pri:4, instance:api.testcases.UserTest@7b9a4292]" started-at="2025-07-11T00:31:05 IST" name="testDeleteUser" finished-at="2025-07-11T00:31:06 IST" duration-ms="1259" status="PASS">
          <reporter-output>
          </reporter-output>
        </test-method> <!-- testDeleteUser -->
      </class> <!-- api.testcases.UserTest -->
    </test> <!-- Default test -->
  </suite> <!-- Default suite -->
</testng-results>
